#
# There is insufficient memory for the Java Runtime Environment to continue.
# Native memory allocation (malloc) failed to allocate 867056 bytes for Chunk::new
# Possible reasons:
#   The system is out of physical RAM or swap space
#   The process is running with CompressedOops enabled, and the Java Heap may be blocking the growth of the native heap
# Possible solutions:
#   Reduce memory load on the system
#   Increase physical memory or swap space
#   Check if swap backing store is full
#   Decrease Java heap size (-Xmx/-Xms)
#   Decrease number of Java threads
#   Decrease Java thread stack sizes (-Xss)
#   Set larger code cache with -XX:ReservedCodeCacheSize=
#   JVM is running with Unscaled Compressed Oops mode in which the Java heap is
#     placed in the first 4GB address space. The Java Heap base address is the
#     maximum limit for the native heap growth. Please use -XX:HeapBaseMinAddress
#     to set the Java Heap base and to place the Java Heap above 4GB virtual address.
# This output file may be truncated or incomplete.
#
#  Out of Memory Error (./open/src/hotspot/share/memory/arena.cpp:195), pid=13328, tid=4988
#
# JRE version: Java(TM) SE Runtime Environment (15.0.2+7) (build 15.0.2+7-27)
# Java VM: Java HotSpot(TM) 64-Bit Server VM (15.0.2+7-27, mixed mode, sharing, tiered, compressed oops, g1 gc, windows-amd64)
# No core dump will be written. Minidumps are not enabled by default on client versions of Windows
#

---------------  S U M M A R Y ------------

Command Line: -XX:+ShowCodeDetailsInExceptionMessages -Dfile.encoding=UTF-8 com.duonghn.springrolejwt.SpringRoleJwtApplication

Host: Intel(R) Xeon(R) Platinum 8168 CPU @ 2.70GHz, 4 cores, 7G,  Windows 10 , 64 bit Build 19041 (10.0.19041.1202)
Time: Wed Nov  3 14:24:09 2021 SE Asia Standard Time elapsed time: 998.381770 seconds (0d 0h 16m 38s)

---------------  T H R E A D  ---------------

Current thread (0x0000029b4d87cd30):  JavaThread "C2 CompilerThread0" daemon [_thread_in_native, id=4988, stack(0x000000c525f00000,0x000000c526000000)]


Current CompileTask:
C2: 998381 8303       4       org.hibernate.type.AbstractStandardBasicType::hydrate (10 bytes)

Stack: [0x000000c525f00000,0x000000c526000000]
Native frames: (J=compiled Java code, j=interpreted, Vv=VM code, C=native code)
V  [jvm.dll+0x62ae9a]
V  [jvm.dll+0x7817a9]
V  [jvm.dll+0x782f03]
V  [jvm.dll+0x783563]
V  [jvm.dll+0x216325]
V  [jvm.dll+0x97f3a]
V  [jvm.dll+0x9861c]
V  [jvm.dll+0x279f9f]
V  [jvm.dll+0x540794]
V  [jvm.dll+0x1f3124]
V  [jvm.dll+0x1ecaf1]
V  [jvm.dll+0x1e9867]
V  [jvm.dll+0x178567]
V  [jvm.dll+0x1f9225]
V  [jvm.dll+0x1f72cc]
V  [jvm.dll+0x74495d]
V  [jvm.dll+0x73d75a]
V  [jvm.dll+0x629c56]
C  [ucrtbase.dll+0x21bb2]
C  [KERNEL32.DLL+0x17034]
C  [ntdll.dll+0x52651]


---------------  P R O C E S S  ---------------

Threads class SMR info:
_java_thread_list=0x0000029b53f0f210, length=29, elements={
0x0000029b4d85dde0, 0x0000029b4d85e8c0, 0x0000029b4d876cf0, 0x0000029b4d8795c0,
0x0000029b4d87bf90, 0x0000029b4d87cd30, 0x0000029b4d87ff00, 0x0000029b4d883d00,
0x0000029b4e2aed60, 0x0000029b4e2de050, 0x0000029b4f8b5120, 0x0000029b4f8b8610,
0x0000029b4f8b8ae0, 0x0000029b4f8b5f90, 0x0000029b51292190, 0x0000029b512939a0,
0x0000029b512934d0, 0x0000029b51293e70, 0x0000029b51295b50, 0x0000029b512951b0,
0x0000029b51292660, 0x0000029b51294810, 0x0000029b51294ce0, 0x0000029b51296020,
0x0000029b51298b70, 0x0000029b51297d00, 0x0000029b512986a0, 0x0000029b51294340,
0x0000029b51299040
}

Java Threads: ( => current thread )
  0x0000029b4d85dde0 JavaThread "Reference Handler" daemon [_thread_blocked, id=11644, stack(0x000000c525a00000,0x000000c525b00000)]
  0x0000029b4d85e8c0 JavaThread "Finalizer" daemon [_thread_blocked, id=8160, stack(0x000000c525b00000,0x000000c525c00000)]
  0x0000029b4d876cf0 JavaThread "Signal Dispatcher" daemon [_thread_blocked, id=4084, stack(0x000000c525c00000,0x000000c525d00000)]
  0x0000029b4d8795c0 JavaThread "Attach Listener" daemon [_thread_blocked, id=13856, stack(0x000000c525d00000,0x000000c525e00000)]
  0x0000029b4d87bf90 JavaThread "Service Thread" daemon [_thread_blocked, id=7568, stack(0x000000c525e00000,0x000000c525f00000)]
=>0x0000029b4d87cd30 JavaThread "C2 CompilerThread0" daemon [_thread_in_native, id=4988, stack(0x000000c525f00000,0x000000c526000000)]
  0x0000029b4d87ff00 JavaThread "C1 CompilerThread0" daemon [_thread_blocked, id=5940, stack(0x000000c526000000,0x000000c526100000)]
  0x0000029b4d883d00 JavaThread "Sweeper thread" daemon [_thread_blocked, id=17072, stack(0x000000c526100000,0x000000c526200000)]
  0x0000029b4e2aed60 JavaThread "Notification Thread" daemon [_thread_blocked, id=5908, stack(0x000000c526200000,0x000000c526300000)]
  0x0000029b4e2de050 JavaThread "Common-Cleaner" daemon [_thread_blocked, id=8832, stack(0x000000c526400000,0x000000c526500000)]
  0x0000029b4f8b5120 JavaThread "mysql-cj-abandoned-connection-cleanup" daemon [_thread_blocked, id=456, stack(0x000000c526900000,0x000000c526a00000)]
  0x0000029b4f8b8610 JavaThread "Catalina-utility-1" [_thread_blocked, id=9588, stack(0x000000c526c00000,0x000000c526d00000)]
  0x0000029b4f8b8ae0 JavaThread "Catalina-utility-2" [_thread_blocked, id=14308, stack(0x000000c526d00000,0x000000c526e00000)]
  0x0000029b4f8b5f90 JavaThread "container-0" [_thread_blocked, id=16116, stack(0x000000c526e00000,0x000000c526f00000)]
  0x0000029b51292190 JavaThread "HikariPool-1 housekeeper" daemon [_thread_blocked, id=7864, stack(0x000000c527000000,0x000000c527100000)]
  0x0000029b512939a0 JavaThread "http-nio-8080-BlockPoller" daemon [_thread_in_native, id=13036, stack(0x000000c527200000,0x000000c527300000)]
  0x0000029b512934d0 JavaThread "http-nio-8080-exec-1" daemon [_thread_blocked, id=17784, stack(0x000000c527300000,0x000000c527400000)]
  0x0000029b51293e70 JavaThread "http-nio-8080-exec-2" daemon [_thread_blocked, id=11804, stack(0x000000c527400000,0x000000c527500000)]
  0x0000029b51295b50 JavaThread "http-nio-8080-exec-3" daemon [_thread_blocked, id=3848, stack(0x000000c527500000,0x000000c527600000)]
  0x0000029b512951b0 JavaThread "http-nio-8080-exec-4" daemon [_thread_blocked, id=8388, stack(0x000000c527600000,0x000000c527700000)]
  0x0000029b51292660 JavaThread "http-nio-8080-exec-5" daemon [_thread_blocked, id=9756, stack(0x000000c527700000,0x000000c527800000)]
  0x0000029b51294810 JavaThread "http-nio-8080-exec-6" daemon [_thread_blocked, id=460, stack(0x000000c527800000,0x000000c527900000)]
  0x0000029b51294ce0 JavaThread "http-nio-8080-exec-7" daemon [_thread_blocked, id=12812, stack(0x000000c527900000,0x000000c527a00000)]
  0x0000029b51296020 JavaThread "http-nio-8080-exec-8" daemon [_thread_blocked, id=16392, stack(0x000000c527a00000,0x000000c527b00000)]
  0x0000029b51298b70 JavaThread "http-nio-8080-exec-9" daemon [_thread_blocked, id=17116, stack(0x000000c527b00000,0x000000c527c00000)]
  0x0000029b51297d00 JavaThread "http-nio-8080-exec-10" daemon [_thread_blocked, id=10676, stack(0x000000c527c00000,0x000000c527d00000)]
  0x0000029b512986a0 JavaThread "http-nio-8080-ClientPoller" daemon [_thread_in_native, id=13520, stack(0x000000c527d00000,0x000000c527e00000)]
  0x0000029b51294340 JavaThread "http-nio-8080-Acceptor" daemon [_thread_in_native, id=14480, stack(0x000000c527e00000,0x000000c527f00000)]
  0x0000029b51299040 JavaThread "DestroyJavaVM" [_thread_blocked, id=14808, stack(0x000000c525300000,0x000000c525400000)]

Other Threads:
  0x0000029b4d859630 VMThread "VM Thread" [stack: 0x000000c525900000,0x000000c525a00000] [id=12560]
  0x0000029b4e2d5a70 WatcherThread [stack: 0x000000c526300000,0x000000c526400000] [id=15620]
  0x0000029b2f5c1210 GCTaskThread "GC Thread#0" [stack: 0x000000c525400000,0x000000c525500000] [id=2948]
  0x0000029b4e6364c0 GCTaskThread "GC Thread#1" [stack: 0x000000c526600000,0x000000c526700000] [id=2440]
  0x0000029b4e6374b0 GCTaskThread "GC Thread#2" [stack: 0x000000c526700000,0x000000c526800000] [id=17228]
  0x0000029b4e638170 GCTaskThread "GC Thread#3" [stack: 0x000000c526a00000,0x000000c526b00000] [id=17256]
  0x0000029b2f5d3400 ConcurrentGCThread "G1 Main Marker" [stack: 0x000000c525500000,0x000000c525600000] [id=18212]
  0x0000029b2f5d4720 ConcurrentGCThread "G1 Conc#0" [stack: 0x000000c525600000,0x000000c525700000] [id=17372]
  0x0000029b2f63d1c0 ConcurrentGCThread "G1 Refine#0" [stack: 0x000000c525700000,0x000000c525800000] [id=11696]
  0x0000029b4ef54860 ConcurrentGCThread "G1 Refine#1" [stack: 0x000000c526800000,0x000000c526900000] [id=7832]
  0x0000029b2f63ece0 ConcurrentGCThread "G1 Young RemSet Sampling" [stack: 0x000000c525800000,0x000000c525900000] [id=18292]

Threads with active compile tasks:
C2 CompilerThread0   998427 8303       4       org.hibernate.type.AbstractStandardBasicType::hydrate (10 bytes)

VM state: not at safepoint (normal execution)

VM Mutex/Monitor currently owned by a thread: None

Heap address: 0x0000000080000000, size: 2048 MB, Compressed Oops mode: 32-bit
CDS archive(s) mapped at: [0x0000000800000000-0x0000000800b50000-0x0000000800b50000), size 11862016, SharedBaseAddress: 0x0000000800000000, ArchiveRelocationMode: 0.
Compressed class space mapped at: 0x0000000800b50000-0x0000000840b50000, size: 1073741824
Narrow klass base: 0x0000000800000000, Narrow klass shift: 3, Narrow klass range: 0x100000000

GC Precious Log:
 CPUs: 4 total, 4 available
 Memory: 8191M
 Large Page Support: Disabled
 NUMA Support: Disabled
 Compressed Oops: Enabled (32-bit)
 Heap Region Size: 1M
 Heap Min Capacity: 8M
 Heap Initial Capacity: 128M
 Heap Max Capacity: 2G
 Pre-touch: Disabled
 Parallel Workers: 4
 Concurrent Workers: 1
 Concurrent Refinement Workers: 4
 Periodic GC: Disabled

Heap:
 garbage-first heap   total 66560K, used 47521K [0x0000000080000000, 0x0000000100000000)
  region size 1024K, 23 young (23552K), 3 survivors (3072K)
 Metaspace       used 64762K, capacity 65421K, committed 65616K, reserved 1105920K
  class space    used 8129K, capacity 8331K, committed 8448K, reserved 1048576K

Heap Regions: E=young(eden), S=young(survivor), O=old, HS=humongous(starts), HC=humongous(continues), CS=collection set, F=free, OA=open archive, CA=closed archive, TAMS=top-at-mark-start (previous, next)
|   0|0x0000000080000000, 0x0000000080100000, 0x0000000080100000|100%|HS|  |TAMS 0x0000000080100000, 0x0000000080000000| Complete 
|   1|0x0000000080100000, 0x0000000080200000, 0x0000000080200000|100%| O|  |TAMS 0x0000000080200000, 0x0000000080100000| Untracked 
|   2|0x0000000080200000, 0x0000000080300000, 0x0000000080300000|100%| O|  |TAMS 0x0000000080300000, 0x0000000080200000| Untracked 
|   3|0x0000000080300000, 0x0000000080400000, 0x0000000080400000|100%| O|  |TAMS 0x0000000080400000, 0x0000000080300000| Untracked 
|   4|0x0000000080400000, 0x0000000080500000, 0x0000000080500000|100%| O|  |TAMS 0x0000000080500000, 0x0000000080400000| Untracked 
|   5|0x0000000080500000, 0x0000000080600000, 0x0000000080600000|100%| O|  |TAMS 0x0000000080600000, 0x0000000080500000| Untracked 
|   6|0x0000000080600000, 0x0000000080700000, 0x0000000080700000|100%| O|  |TAMS 0x0000000080700000, 0x0000000080600000| Untracked 
|   7|0x0000000080700000, 0x0000000080800000, 0x0000000080800000|100%| O|  |TAMS 0x0000000080800000, 0x0000000080700000| Untracked 
|   8|0x0000000080800000, 0x0000000080900000, 0x0000000080900000|100%| O|  |TAMS 0x0000000080900000, 0x0000000080800000| Untracked 
|   9|0x0000000080900000, 0x0000000080a00000, 0x0000000080a00000|100%| O|  |TAMS 0x0000000080a00000, 0x0000000080900000| Untracked 
|  10|0x0000000080a00000, 0x0000000080b00000, 0x0000000080b00000|100%| O|  |TAMS 0x0000000080b00000, 0x0000000080a00000| Untracked 
|  11|0x0000000080b00000, 0x0000000080c00000, 0x0000000080c00000|100%| O|  |TAMS 0x0000000080c00000, 0x0000000080b00000| Untracked 
|  12|0x0000000080c00000, 0x0000000080d00000, 0x0000000080d00000|100%| O|  |TAMS 0x0000000080d00000, 0x0000000080c00000| Untracked 
|  13|0x0000000080d00000, 0x0000000080e00000, 0x0000000080e00000|100%| O|  |TAMS 0x0000000080e00000, 0x0000000080d00000| Untracked 
|  14|0x0000000080e00000, 0x0000000080f00000, 0x0000000080f00000|100%| O|  |TAMS 0x0000000080f00000, 0x0000000080e00000| Untracked 
|  15|0x0000000080f00000, 0x0000000081000000, 0x0000000081000000|100%| O|  |TAMS 0x0000000081000000, 0x0000000080f00000| Untracked 
|  16|0x0000000081000000, 0x00000000810ffff8, 0x0000000081100000| 99%| O|  |TAMS 0x00000000810ffff8, 0x0000000081000000| Untracked 
|  17|0x0000000081100000, 0x0000000081200000, 0x0000000081200000|100%| O|  |TAMS 0x0000000081200000, 0x0000000081100000| Untracked 
|  18|0x0000000081200000, 0x0000000081300000, 0x0000000081300000|100%| O|  |TAMS 0x0000000081300000, 0x0000000081200000| Untracked 
|  19|0x0000000081300000, 0x0000000081400000, 0x0000000081400000|100%| O|  |TAMS 0x0000000081400000, 0x0000000081300000| Untracked 
|  20|0x0000000081400000, 0x0000000081500000, 0x0000000081500000|100%| O|  |TAMS 0x0000000081500000, 0x0000000081400000| Untracked 
|  21|0x0000000081500000, 0x0000000081600000, 0x0000000081600000|100%| O|  |TAMS 0x0000000081600000, 0x0000000081500000| Untracked 
|  22|0x0000000081600000, 0x0000000081700000, 0x0000000081700000|100%| O|  |TAMS 0x0000000081700000, 0x0000000081600000| Untracked 
|  23|0x0000000081700000, 0x0000000081800000, 0x0000000081800000|100%| O|  |TAMS 0x0000000081800000, 0x0000000081700000| Untracked 
|  24|0x0000000081800000, 0x0000000081900000, 0x0000000081900000|100%| O|  |TAMS 0x0000000081867800, 0x0000000081800000| Untracked 
|  25|0x0000000081900000, 0x0000000081991200, 0x0000000081a00000| 56%| O|  |TAMS 0x0000000081900000, 0x0000000081900000| Untracked 
|  26|0x0000000081a00000, 0x0000000081a00000, 0x0000000081b00000|  0%| F|  |TAMS 0x0000000081a00000, 0x0000000081a00000| Untracked 
|  27|0x0000000081b00000, 0x0000000081b00000, 0x0000000081c00000|  0%| F|  |TAMS 0x0000000081b00000, 0x0000000081b00000| Untracked 
|  28|0x0000000081c00000, 0x0000000081c00000, 0x0000000081d00000|  0%| F|  |TAMS 0x0000000081c00000, 0x0000000081c00000| Untracked 
|  29|0x0000000081d00000, 0x0000000081d00000, 0x0000000081e00000|  0%| F|  |TAMS 0x0000000081d00000, 0x0000000081d00000| Untracked 
|  30|0x0000000081e00000, 0x0000000081e00000, 0x0000000081f00000|  0%| F|  |TAMS 0x0000000081e00000, 0x0000000081e00000| Untracked 
|  31|0x0000000081f00000, 0x0000000081f00000, 0x0000000082000000|  0%| F|  |TAMS 0x0000000081f00000, 0x0000000081f00000| Untracked 
|  32|0x0000000082000000, 0x0000000082000000, 0x0000000082100000|  0%| F|  |TAMS 0x0000000082000000, 0x0000000082000000| Untracked 
|  33|0x0000000082100000, 0x0000000082100000, 0x0000000082200000|  0%| F|  |TAMS 0x0000000082100000, 0x0000000082100000| Untracked 
|  34|0x0000000082200000, 0x0000000082200000, 0x0000000082300000|  0%| F|  |TAMS 0x0000000082200000, 0x0000000082200000| Untracked 
|  35|0x0000000082300000, 0x0000000082300000, 0x0000000082400000|  0%| F|  |TAMS 0x0000000082300000, 0x0000000082300000| Untracked 
|  36|0x0000000082400000, 0x0000000082400000, 0x0000000082500000|  0%| F|  |TAMS 0x0000000082400000, 0x0000000082400000| Untracked 
|  37|0x0000000082500000, 0x0000000082500000, 0x0000000082600000|  0%| F|  |TAMS 0x0000000082500000, 0x0000000082500000| Untracked 
|  38|0x0000000082600000, 0x0000000082600000, 0x0000000082700000|  0%| F|  |TAMS 0x0000000082600000, 0x0000000082600000| Untracked 
|  39|0x0000000082700000, 0x00000000827d7280, 0x0000000082800000| 84%| S|CS|TAMS 0x0000000082700000, 0x0000000082700000| Complete 
|  40|0x0000000082800000, 0x0000000082900000, 0x0000000082900000|100%| S|CS|TAMS 0x0000000082800000, 0x0000000082800000| Complete 
|  41|0x0000000082900000, 0x0000000082a00000, 0x0000000082a00000|100%| S|CS|TAMS 0x0000000082900000, 0x0000000082900000| Complete 
|  42|0x0000000082a00000, 0x0000000082a00000, 0x0000000082b00000|  0%| F|  |TAMS 0x0000000082a00000, 0x0000000082a00000| Untracked 
|  43|0x0000000082b00000, 0x0000000082b00000, 0x0000000082c00000|  0%| F|  |TAMS 0x0000000082b00000, 0x0000000082b00000| Untracked 
|  44|0x0000000082c00000, 0x0000000082c00000, 0x0000000082d00000|  0%| F|  |TAMS 0x0000000082c00000, 0x0000000082c00000| Untracked 
|  45|0x0000000082d00000, 0x0000000082d25390, 0x0000000082e00000| 14%| E|  |TAMS 0x0000000082d00000, 0x0000000082d00000| Complete 
|  46|0x0000000082e00000, 0x0000000082f00000, 0x0000000082f00000|100%| E|CS|TAMS 0x0000000082e00000, 0x0000000082e00000| Complete 
|  47|0x0000000082f00000, 0x0000000083000000, 0x0000000083000000|100%| E|CS|TAMS 0x0000000082f00000, 0x0000000082f00000| Complete 
|  48|0x0000000083000000, 0x0000000083100000, 0x0000000083100000|100%| E|  |TAMS 0x0000000083000000, 0x0000000083000000| Complete 
|  49|0x0000000083100000, 0x0000000083200000, 0x0000000083200000|100%| E|CS|TAMS 0x0000000083100000, 0x0000000083100000| Complete 
|  50|0x0000000083200000, 0x0000000083300000, 0x0000000083300000|100%| E|CS|TAMS 0x0000000083200000, 0x0000000083200000| Complete 
|  51|0x0000000083300000, 0x0000000083400000, 0x0000000083400000|100%| E|CS|TAMS 0x0000000083300000, 0x0000000083300000| Complete 
|  52|0x0000000083400000, 0x0000000083500000, 0x0000000083500000|100%| E|CS|TAMS 0x0000000083400000, 0x0000000083400000| Complete 
|  53|0x0000000083500000, 0x0000000083600000, 0x0000000083600000|100%| E|CS|TAMS 0x0000000083500000, 0x0000000083500000| Complete 
|  54|0x0000000083600000, 0x0000000083700000, 0x0000000083700000|100%| E|CS|TAMS 0x0000000083600000, 0x0000000083600000| Complete 
|  55|0x0000000083700000, 0x0000000083800000, 0x0000000083800000|100%| E|CS|TAMS 0x0000000083700000, 0x0000000083700000| Complete 
|  56|0x0000000083800000, 0x0000000083900000, 0x0000000083900000|100%| E|CS|TAMS 0x0000000083800000, 0x0000000083800000| Complete 
|  57|0x0000000083900000, 0x0000000083a00000, 0x0000000083a00000|100%| E|CS|TAMS 0x0000000083900000, 0x0000000083900000| Complete 
| 146|0x0000000089200000, 0x0000000089300000, 0x0000000089300000|100%| E|CS|TAMS 0x0000000089200000, 0x0000000089200000| Complete 
| 147|0x0000000089300000, 0x0000000089400000, 0x0000000089400000|100%| E|CS|TAMS 0x0000000089300000, 0x0000000089300000| Complete 
| 148|0x0000000089400000, 0x0000000089500000, 0x0000000089500000|100%| E|CS|TAMS 0x0000000089400000, 0x0000000089400000| Complete 
| 149|0x0000000089500000, 0x0000000089600000, 0x0000000089600000|100%| E|CS|TAMS 0x0000000089500000, 0x0000000089500000| Complete 
| 150|0x0000000089600000, 0x0000000089700000, 0x0000000089700000|100%| E|CS|TAMS 0x0000000089600000, 0x0000000089600000| Complete 
| 151|0x0000000089700000, 0x0000000089800000, 0x0000000089800000|100%| E|CS|TAMS 0x0000000089700000, 0x0000000089700000| Complete 
| 153|0x0000000089900000, 0x0000000089a00000, 0x0000000089a00000|100%| E|CS|TAMS 0x0000000089900000, 0x0000000089900000| Complete 

Card table byte_map: [0x0000029b46bb0000,0x0000029b46fb0000] _byte_map_base: 0x0000029b467b0000

Marking Bits (Prev, Next): (CMBitMap*) 0x0000029b2f5c29a0, (CMBitMap*) 0x0000029b2f5c29e0
 Prev Bits: [0x0000029b473b0000, 0x0000029b493b0000)
 Next Bits: [0x0000029b493b0000, 0x0000029b4b3b0000)

Polling page: 0x0000029b2ed50000

Metaspace:

Usage:
  Non-class:     55.75 MB capacity,    55.31 MB (>99%) used,   369.09 KB ( <1%) free+waste,    87.38 KB ( <1%) overhead. 
      Class:      8.14 MB capacity,     7.94 MB ( 98%) used,   168.88 KB (  2%) free+waste,    32.94 KB ( <1%) overhead. 
       Both:     63.89 MB capacity,    63.24 MB ( 99%) used,   537.97 KB ( <1%) free+waste,   120.31 KB ( <1%) overhead. 

Virtual space:
  Non-class space:       56.00 MB reserved,      55.83 MB (>99%) committed 
      Class space:        1.00 GB reserved,       8.25 MB ( <1%) committed 
             Both:        1.05 GB reserved,      64.08 MB (  6%) committed 

Chunk freelists:
   Non-Class:  14.00 KB
       Class:  21.00 KB
        Both:  35.00 KB

MaxMetaspaceSize: 17179869184.00 GB
CompressedClassSpaceSize: 1.00 GB

CodeHeap 'non-profiled nmethods': size=120000Kb used=4093Kb max_used=4093Kb free=115906Kb
 bounds [0x0000029b3f280000, 0x0000029b3f680000, 0x0000029b467b0000]
CodeHeap 'profiled nmethods': size=120000Kb used=14960Kb max_used=14960Kb free=105039Kb
 bounds [0x0000029b37d50000, 0x0000029b38bf0000, 0x0000029b3f280000]
CodeHeap 'non-nmethods': size=5760Kb used=1340Kb max_used=1436Kb free=4419Kb
 bounds [0x0000029b377b0000, 0x0000029b37a20000, 0x0000029b37d50000]
 total_blobs=8198 nmethods=7564 adapters=545
 compilation: enabled
              stopped_count=0, restarted_count=0
 full_count=0

Compilation events (20 events):
Event: 998.271 Thread 0x0000029b4d87ff00 8307       3       org.hibernate.event.spi.InitializeCollectionEvent::<init> (22 bytes)
Event: 998.273 Thread 0x0000029b4d87ff00 nmethod 8307 0x0000029b38be7d90 code [0x0000029b38be8060, 0x0000029b38be91c8]
Event: 998.273 Thread 0x0000029b4d87ff00 8315       3       org.hibernate.loader.plan.exec.internal.AbstractLoadPlanBasedLoader::getScrollMode (43 bytes)
Event: 998.273 Thread 0x0000029b4d87ff00 nmethod 8315 0x0000029b38be9810 code [0x0000029b38be99e0, 0x0000029b38be9df8]
Event: 998.273 Thread 0x0000029b4d87ff00 8308       3       org.hibernate.event.spi.AbstractCollectionEvent::getLoadedCollectionPersister (26 bytes)
Event: 998.274 Thread 0x0000029b4d87ff00 nmethod 8308 0x0000029b38be9f90 code [0x0000029b38bea180, 0x0000029b38bea7c8]
Event: 998.274 Thread 0x0000029b4d87ff00 8309       3       org.hibernate.event.spi.AbstractCollectionEvent::getLoadedOwnerOrNull (13 bytes)
Event: 998.274 Thread 0x0000029b4d87ff00 nmethod 8309 0x0000029b38beaa10 code [0x0000029b38beabc0, 0x0000029b38bead48]
Event: 998.274 Thread 0x0000029b4d87ff00 8310       3       org.hibernate.engine.internal.StatefulPersistenceContext::getLoadedCollectionOwnerOrNull (42 bytes)
Event: 998.275 Thread 0x0000029b4d87ff00 nmethod 8310 0x0000029b38beae90 code [0x0000029b38beb0a0, 0x0000029b38beb788]
Event: 998.297 Thread 0x0000029b4d87ff00 8316       1       com.duonghn.springrolejwt.model.Comment::getComment (5 bytes)
Event: 998.298 Thread 0x0000029b4d87ff00 nmethod 8316 0x0000029b3f67e790 code [0x0000029b3f67e920, 0x0000029b3f67e9d8]
Event: 998.298 Thread 0x0000029b4d87ff00 8317       1       com.duonghn.springrolejwt.model.Comment::getUser (5 bytes)
Event: 998.298 Thread 0x0000029b4d87ff00 nmethod 8317 0x0000029b3f67ea90 code [0x0000029b3f67ec20, 0x0000029b3f67ecd8]
Event: 998.299 Thread 0x0000029b4d87ff00 8318       1       java.nio.DirectByteBuffer::isReadOnly (2 bytes)
Event: 998.299 Thread 0x0000029b4d87ff00 nmethod 8318 0x0000029b3f67ed90 code [0x0000029b3f67ef20, 0x0000029b3f67efd8]
Event: 998.299 Thread 0x0000029b4d87ff00 8319   !   3       sun.nio.ch.WindowsSelectorImpl::wakeup (35 bytes)
Event: 998.299 Thread 0x0000029b4d87ff00 nmethod 8319 0x0000029b38beba10 code [0x0000029b38bebbc0, 0x0000029b38bebea8]
Event: 998.299 Thread 0x0000029b4d87ff00 8320       3       sun.nio.ch.WindowsSelectorImpl::setWakeupSocket (9 bytes)
Event: 998.300 Thread 0x0000029b4d87ff00 nmethod 8320 0x0000029b38bec010 code [0x0000029b38bec1c0, 0x0000029b38bec2e8]

GC Heap History (20 events):
Event: 4.240 GC heap before
{Heap before GC invocations=9 (full 0):
 garbage-first heap   total 45056K, used 31853K [0x0000000080000000, 0x0000000100000000)
  region size 1024K, 20 young (20480K), 3 survivors (3072K)
 Metaspace       used 28748K, capacity 29142K, committed 29360K, reserved 1075200K
  class space    used 3606K, capacity 3740K, committed 3840K, reserved 1048576K
}
Event: 4.249 GC heap after
{Heap after GC invocations=10 (full 0):
 garbage-first heap   total 55296K, used 15695K [0x0000000080000000, 0x0000000100000000)
  region size 1024K, 1 young (1024K), 1 survivors (1024K)
 Metaspace       used 28748K, capacity 29142K, committed 29360K, reserved 1075200K
  class space    used 3606K, capacity 3740K, committed 3840K, reserved 1048576K
}
Event: 4.439 GC heap before
{Heap before GC invocations=10 (full 0):
 garbage-first heap   total 55296K, used 40271K [0x0000000080000000, 0x0000000100000000)
  region size 1024K, 26 young (26624K), 1 survivors (1024K)
 Metaspace       used 29322K, capacity 29669K, committed 29872K, reserved 1075200K
  class space    used 3669K, capacity 3809K, committed 3840K, reserved 1048576K
}
Event: 4.442 GC heap after
{Heap after GC invocations=11 (full 0):
 garbage-first heap   total 55296K, used 16025K [0x0000000080000000, 0x0000000100000000)
  region size 1024K, 1 young (1024K), 1 survivors (1024K)
 Metaspace       used 29322K, capacity 29669K, committed 29872K, reserved 1075200K
  class space    used 3669K, capacity 3809K, committed 3840K, reserved 1048576K
}
Event: 5.196 GC heap before
{Heap before GC invocations=11 (full 0):
 garbage-first heap   total 55296K, used 41625K [0x0000000080000000, 0x0000000100000000)
  region size 1024K, 27 young (27648K), 1 survivors (1024K)
 Metaspace       used 33081K, capacity 33423K, committed 33712K, reserved 1079296K
  class space    used 4132K, capacity 4266K, committed 4352K, reserved 1048576K
}
Event: 5.200 GC heap after
{Heap after GC invocations=12 (full 0):
 garbage-first heap   total 55296K, used 17585K [0x0000000080000000, 0x0000000100000000)
  region size 1024K, 2 young (2048K), 2 survivors (2048K)
 Metaspace       used 33081K, capacity 33423K, committed 33712K, reserved 1079296K
  class space    used 4132K, capacity 4266K, committed 4352K, reserved 1048576K
}
Event: 5.453 GC heap before
{Heap before GC invocations=12 (full 0):
 garbage-first heap   total 55296K, used 27825K [0x0000000080000000, 0x0000000100000000)
  region size 1024K, 13 young (13312K), 2 survivors (2048K)
 Metaspace       used 35183K, capacity 35565K, committed 35708K, reserved 1081344K
  class space    used 4464K, capacity 4592K, committed 4608K, reserved 1048576K
}
Event: 5.458 GC heap after
{Heap after GC invocations=13 (full 0):
 garbage-first heap   total 55296K, used 18247K [0x0000000080000000, 0x0000000100000000)
  region size 1024K, 3 young (3072K), 3 survivors (3072K)
 Metaspace       used 35183K, capacity 35565K, committed 35708K, reserved 1081344K
  class space    used 4464K, capacity 4592K, committed 4608K, reserved 1048576K
}
Event: 5.974 GC heap before
{Heap before GC invocations=14 (full 0):
 garbage-first heap   total 55296K, used 41799K [0x0000000080000000, 0x0000000100000000)
  region size 1024K, 27 young (27648K), 3 survivors (3072K)
 Metaspace       used 40389K, capacity 40778K, committed 41084K, reserved 1085440K
  class space    used 5168K, capacity 5322K, committed 5376K, reserved 1048576K
}
Event: 5.982 GC heap after
{Heap after GC invocations=15 (full 0):
 garbage-first heap   total 55296K, used 20408K [0x0000000080000000, 0x0000000100000000)
  region size 1024K, 3 young (3072K), 3 survivors (3072K)
 Metaspace       used 40389K, capacity 40778K, committed 41084K, reserved 1085440K
  class space    used 5168K, capacity 5322K, committed 5376K, reserved 1048576K
}
Event: 6.727 GC heap before
{Heap before GC invocations=15 (full 0):
 garbage-first heap   total 55296K, used 42936K [0x0000000080000000, 0x0000000100000000)
  region size 1024K, 25 young (25600K), 3 survivors (3072K)
 Metaspace       used 43737K, capacity 44199K, committed 44284K, reserved 1087488K
  class space    used 5584K, capacity 5713K, committed 5760K, reserved 1048576K
}
Event: 6.734 GC heap after
{Heap after GC invocations=16 (full 0):
 garbage-first heap   total 55296K, used 23353K [0x0000000080000000, 0x0000000100000000)
  region size 1024K, 3 young (3072K), 3 survivors (3072K)
 Metaspace       used 43737K, capacity 44199K, committed 44284K, reserved 1087488K
  class space    used 5584K, capacity 5713K, committed 5760K, reserved 1048576K
}
Event: 7.336 GC heap before
{Heap before GC invocations=16 (full 0):
 garbage-first heap   total 55296K, used 43833K [0x0000000080000000, 0x0000000100000000)
  region size 1024K, 23 young (23552K), 3 survivors (3072K)
 Metaspace       used 46983K, capacity 47409K, committed 47484K, reserved 1091584K
  class space    used 6009K, capacity 6138K, committed 6144K, reserved 1048576K
}
Event: 7.343 GC heap after
{Heap after GC invocations=17 (full 0):
 garbage-first heap   total 66560K, used 25215K [0x0000000080000000, 0x0000000100000000)
  region size 1024K, 2 young (2048K), 2 survivors (2048K)
 Metaspace       used 46983K, capacity 47409K, committed 47484K, reserved 1091584K
  class space    used 6009K, capacity 6138K, committed 6144K, reserved 1048576K
}
Event: 8.598 GC heap before
{Heap before GC invocations=17 (full 0):
 garbage-first heap   total 66560K, used 50815K [0x0000000080000000, 0x0000000100000000)
  region size 1024K, 27 young (27648K), 2 survivors (2048K)
 Metaspace       used 53458K, capacity 53945K, committed 54140K, reserved 1095680K
  class space    used 6960K, capacity 7114K, committed 7168K, reserved 1048576K
}
Event: 8.605 GC heap after
{Heap after GC invocations=18 (full 0):
 garbage-first heap   total 66560K, used 26327K [0x0000000080000000, 0x0000000100000000)
  region size 1024K, 3 young (3072K), 3 survivors (3072K)
 Metaspace       used 53458K, capacity 53945K, committed 54140K, reserved 1095680K
  class space    used 6960K, capacity 7114K, committed 7168K, reserved 1048576K
}
Event: 22.738 GC heap before
{Heap before GC invocations=18 (full 0):
 garbage-first heap   total 66560K, used 49879K [0x0000000080000000, 0x0000000100000000)
  region size 1024K, 28 young (28672K), 3 survivors (3072K)
 Metaspace       used 59093K, capacity 59555K, committed 59728K, reserved 1101824K
  class space    used 7658K, capacity 7828K, committed 7936K, reserved 1048576K
}
Event: 22.748 GC heap after
{Heap after GC invocations=19 (full 0):
 garbage-first heap   total 66560K, used 28186K [0x0000000080000000, 0x0000000100000000)
  region size 1024K, 4 young (4096K), 4 survivors (4096K)
 Metaspace       used 59093K, capacity 59555K, committed 59728K, reserved 1101824K
  class space    used 7658K, capacity 7828K, committed 7936K, reserved 1048576K
}
Event: 69.030 GC heap before
{Heap before GC invocations=20 (full 0):
 garbage-first heap   total 66560K, used 50714K [0x0000000080000000, 0x0000000100000000)
  region size 1024K, 27 young (27648K), 4 survivors (4096K)
 Metaspace       used 63320K, capacity 63901K, committed 64208K, reserved 1105920K
  class space    used 8073K, capacity 8257K, committed 8320K, reserved 1048576K
}
Event: 69.038 GC heap after
{Heap after GC invocations=21 (full 0):
 garbage-first heap   total 66560K, used 29089K [0x0000000080000000, 0x0000000100000000)
  region size 1024K, 3 young (3072K), 3 survivors (3072K)
 Metaspace       used 63320K, capacity 63901K, committed 64208K, reserved 1105920K
  class space    used 8073K, capacity 8257K, committed 8320K, reserved 1048576K
}

Deoptimization events (20 events):
Event: 725.864 Thread 0x0000029b51292660 DEOPT PACKING pc=0x0000029b3f5cefdc sp=0x000000c5277fcd00
Event: 725.864 Thread 0x0000029b51292660 DEOPT UNPACKING pc=0x0000029b377fe42f sp=0x000000c5277fcc70 mode 2
Event: 725.864 Thread 0x0000029b51292660 Uncommon trap: trap_request=0xffffffbe fr.pc=0x0000029b3f5cefdc relative=0x000000000000033c
Event: 725.864 Thread 0x0000029b51292660 Uncommon trap: reason=profile_predicate action=maybe_recompile pc=0x0000029b3f5cefdc method=java.util.regex.Pattern$Slice.match(Ljava/util/regex/Matcher;ILjava/lang/CharSequence;)Z @ 18 c2
Event: 725.864 Thread 0x0000029b51292660 DEOPT PACKING pc=0x0000029b3f5cefdc sp=0x000000c5277fcd00
Event: 725.864 Thread 0x0000029b51292660 DEOPT UNPACKING pc=0x0000029b377fe42f sp=0x000000c5277fcc70 mode 2
Event: 725.864 Thread 0x0000029b51292660 Uncommon trap: trap_request=0xffffffbe fr.pc=0x0000029b3f5cefdc relative=0x000000000000033c
Event: 725.864 Thread 0x0000029b51292660 Uncommon trap: reason=profile_predicate action=maybe_recompile pc=0x0000029b3f5cefdc method=java.util.regex.Pattern$Slice.match(Ljava/util/regex/Matcher;ILjava/lang/CharSequence;)Z @ 18 c2
Event: 725.864 Thread 0x0000029b51292660 DEOPT PACKING pc=0x0000029b3f5cefdc sp=0x000000c5277fd110
Event: 725.864 Thread 0x0000029b51292660 DEOPT UNPACKING pc=0x0000029b377fe42f sp=0x000000c5277fd080 mode 2
Event: 725.887 Thread 0x0000029b51292660 Uncommon trap: trap_request=0xffffffbe fr.pc=0x0000029b3f5cefdc relative=0x000000000000033c
Event: 725.887 Thread 0x0000029b51292660 Uncommon trap: reason=profile_predicate action=maybe_recompile pc=0x0000029b3f5cefdc method=java.util.regex.Pattern$Slice.match(Ljava/util/regex/Matcher;ILjava/lang/CharSequence;)Z @ 18 c2
Event: 725.887 Thread 0x0000029b51292660 DEOPT PACKING pc=0x0000029b3f5cefdc sp=0x000000c5277fc660
Event: 725.887 Thread 0x0000029b51292660 DEOPT UNPACKING pc=0x0000029b377fe42f sp=0x000000c5277fc5d0 mode 2
Event: 733.544 Thread 0x0000029b51296020 Uncommon trap: trap_request=0xffffff54 fr.pc=0x0000029b3f4ebba0 relative=0x0000000000001680
Event: 733.544 Thread 0x0000029b51296020 Uncommon trap: reason=speculate_null_assert action=make_not_entrant pc=0x0000029b3f4ebba0 method=org.springframework.util.ConcurrentReferenceHashMap$Segment.restructure(ZLorg/springframework/util/ConcurrentReferenceHashMap$Reference;)V @ 32 c2
Event: 733.544 Thread 0x0000029b51296020 DEOPT PACKING pc=0x0000029b3f4ebba0 sp=0x000000c527af9220
Event: 733.544 Thread 0x0000029b51296020 DEOPT UNPACKING pc=0x0000029b377fe42f sp=0x000000c527af9090 mode 2
Event: 810.420 Thread 0x0000029b51297d00 DEOPT PACKING pc=0x0000029b388b327a sp=0x000000c527cf8090
Event: 810.420 Thread 0x0000029b51297d00 DEOPT UNPACKING pc=0x0000029b377fe23f sp=0x000000c527cf7620 mode 0

Classes unloaded (0 events):
No events

Classes redefined (0 events):
No events

Internal exceptions (20 events):
Event: 8.782 Thread 0x0000029b2f578cd0 Exception <a 'java/lang/reflect/InvocationTargetException'{0x000000008393e740}> (0x000000008393e740) 
thrown [./open/src/hotspot/share/runtime/reflection.cpp, line 1157]
Event: 8.794 Thread 0x0000029b2f578cd0 Exception <a 'java/lang/NoSuchMethodError'{0x000000008399e7c0}: 'int java.lang.invoke.DirectMethodHandle$Holder.invokeStatic(java.lang.Object, java.lang.Object, int)'> (0x000000008399e7c0) 
thrown [./open/src/hotspot/share/interpreter/linkResolver.cpp, line 782]
Event: 8.797 Thread 0x0000029b2f578cd0 Exception <a 'java/lang/NoSuchMethodError'{0x00000000839ba1f0}: 'java.lang.Object java.lang.invoke.DirectMethodHandle$Holder.invokeStatic(java.lang.Object, java.lang.Object, int, java.lang.Object)'> (0x00000000839ba1f0) 
thrown [./open/src/hotspot/share/interpreter/linkResolver.cpp, line 782]
Event: 8.797 Thread 0x0000029b2f578cd0 Exception <a 'java/lang/NoSuchMethodError'{0x00000000839c20d0}: 'java.lang.Object java.lang.invoke.DirectMethodHandle$Holder.newInvokeSpecial(java.lang.Object, java.lang.Object, int)'> (0x00000000839c20d0) 
thrown [./open/src/hotspot/share/interpreter/linkResolver.cpp, line 782]
Event: 8.802 Thread 0x0000029b2f578cd0 Exception <a 'java/lang/IncompatibleClassChangeError'{0x00000000839edd10}: Found class java.lang.Object, but interface was expected> (0x00000000839edd10) 
thrown [./open/src/hotspot/share/interpreter/linkResolver.cpp, line 848]
Event: 8.852 Thread 0x0000029b2f578cd0 Exception <a 'java/lang/ClassNotFoundException'{0x0000000083646f20}: java/lang/ObjectCustomizer> (0x0000000083646f20) 
thrown [./open/src/hotspot/share/classfile/systemDictionary.cpp, line 295]
Event: 8.853 Thread 0x0000029b2f578cd0 Exception <a 'java/lang/ClassNotFoundException'{0x000000008364d148}: com/duonghn/springrolejwt/model/UserCustomizer> (0x000000008364d148) 
thrown [./open/src/hotspot/share/classfile/systemDictionary.cpp, line 295]
Event: 8.862 Thread 0x0000029b2f578cd0 Exception <a 'java/lang/ClassNotFoundException'{0x000000008369dd38}: java/lang/ObjectCustomizer> (0x000000008369dd38) 
thrown [./open/src/hotspot/share/classfile/systemDictionary.cpp, line 295]
Event: 8.862 Thread 0x0000029b2f578cd0 Exception <a 'java/lang/ClassNotFoundException'{0x00000000836a4020}: com/duonghn/springrolejwt/model/CommentCustomizer> (0x00000000836a4020) 
thrown [./open/src/hotspot/share/classfile/systemDictionary.cpp, line 295]
Event: 8.865 Thread 0x0000029b2f578cd0 Exception <a 'java/lang/ClassNotFoundException'{0x00000000836cd700}: java/lang/ObjectCustomizer> (0x00000000836cd700) 
thrown [./open/src/hotspot/share/classfile/systemDictionary.cpp, line 295]
Event: 8.866 Thread 0x0000029b2f578cd0 Exception <a 'java/lang/ClassNotFoundException'{0x00000000836d3928}: com/duonghn/springrolejwt/model/BookCustomizer> (0x00000000836d3928) 
thrown [./open/src/hotspot/share/classfile/systemDictionary.cpp, line 295]
Event: 8.875 Thread 0x0000029b2f578cd0 Exception <a 'java/lang/reflect/InvocationTargetException'{0x00000000835a77b8}> (0x00000000835a77b8) 
thrown [./open/src/hotspot/share/runtime/reflection.cpp, line 1157]
Event: 22.643 Thread 0x0000029b512934d0 Exception <a 'sun/nio/fs/WindowsException'{0x0000000082bc0f88}> (0x0000000082bc0f88) 
thrown [./open/src/hotspot/share/prims/jni.cpp, line 578]
Event: 23.011 Thread 0x0000029b512934d0 Exception <a 'java/lang/NoSuchMethodError'{0x00000000893db430}: 'void java.lang.invoke.DirectMethodHandle$Holder.invokeStaticInit(java.lang.Object, java.lang.Object, java.lang.Object)'> (0x00000000893db430) 
thrown [./open/src/hotspot/share/interpreter/linkResolver.cpp, line 782]
Event: 29.763 Thread 0x0000029b512951b0 Exception <a 'java/lang/ClassNotFoundException'{0x00000000834227d0}: java/lang/ObjectCustomizer> (0x00000000834227d0) 
thrown [./open/src/hotspot/share/classfile/systemDictionary.cpp, line 295]
Event: 29.767 Thread 0x0000029b512951b0 Exception <a 'java/lang/ClassNotFoundException'{0x000000008342bd48}: com/duonghn/springrolejwt/model/CommentDtoCustomizer> (0x000000008342bd48) 
thrown [./open/src/hotspot/share/classfile/systemDictionary.cpp, line 295]
Event: 29.808 Thread 0x0000029b512951b0 Exception <a 'java/lang/ClassNotFoundException'{0x0000000083483710}: java/lang/ObjectCustomizer> (0x0000000083483710) 
thrown [./open/src/hotspot/share/classfile/systemDictionary.cpp, line 295]
Event: 29.818 Thread 0x0000029b512951b0 Exception <a 'java/lang/ClassNotFoundException'{0x000000008348de00}: com/duonghn/springrolejwt/model/CommentCustomizer> (0x000000008348de00) 
thrown [./open/src/hotspot/share/classfile/systemDictionary.cpp, line 295]
Event: 733.558 Thread 0x0000029b51296020 Exception <a 'java/lang/ClassNotFoundException'{0x00000000832fbcb8}: java/lang/ObjectCustomizer> (0x00000000832fbcb8) 
thrown [./open/src/hotspot/share/classfile/systemDictionary.cpp, line 295]
Event: 733.559 Thread 0x0000029b51296020 Exception <a 'java/lang/ClassNotFoundException'{0x0000000083106248}: com/duonghn/springrolejwt/model/UserCustomizer> (0x0000000083106248) 
thrown [./open/src/hotspot/share/classfile/systemDictionary.cpp, line 295]

Events (20 events):
Event: 115.770 Executing VM operation: HandshakeAllThreads
Event: 115.771 Executing VM operation: HandshakeAllThreads done
Event: 132.936 Executing VM operation: HandshakeAllThreads
Event: 132.936 Executing VM operation: HandshakeAllThreads done
Event: 620.408 Executing VM operation: HandshakeAllThreads
Event: 620.408 Executing VM operation: HandshakeAllThreads done
Event: 726.391 Executing VM operation: HandshakeAllThreads
Event: 726.391 Executing VM operation: HandshakeAllThreads done
Event: 733.557 loading class java/lang/ObjectCustomizer
Event: 733.557 loading class java/lang/ObjectCustomizer done
Event: 733.558 loading class java/lang/ObjectCustomizer
Event: 733.558 loading class java/lang/ObjectCustomizer done
Event: 734.466 Executing VM operation: HandshakeAllThreads
Event: 734.466 Executing VM operation: HandshakeAllThreads done
Event: 888.882 Executing VM operation: HandshakeAllThreads
Event: 888.882 Executing VM operation: HandshakeAllThreads done
Event: 932.304 Executing VM operation: HandshakeAllThreads
Event: 932.304 Executing VM operation: HandshakeAllThreads done
Event: 986.789 Executing VM operation: HandshakeAllThreads
Event: 986.789 Executing VM operation: HandshakeAllThreads done


Dynamic libraries:
0x00007ff76f5a0000 - 0x00007ff76f5af000 	C:\Program Files\Java\jdk-15.0.2\bin\java.exe
0x00007fff97290000 - 0x00007fff97485000 	C:\WINDOWS\SYSTEM32\ntdll.dll
0x00007fff95de0000 - 0x00007fff95e9e000 	C:\WINDOWS\System32\KERNEL32.DLL
0x00007fff94d80000 - 0x00007fff95049000 	C:\WINDOWS\System32\KERNELBASE.dll
0x00007fff94c80000 - 0x00007fff94d80000 	C:\WINDOWS\System32\ucrtbase.dll
0x00007fff7ae50000 - 0x00007fff7ae68000 	C:\Program Files\Java\jdk-15.0.2\bin\jli.dll
0x00007fff7ad90000 - 0x00007fff7ada9000 	C:\Program Files\Java\jdk-15.0.2\bin\VCRUNTIME140.dll
0x00007fff95790000 - 0x00007fff9583c000 	C:\WINDOWS\System32\ADVAPI32.dll
0x00007fff95f80000 - 0x00007fff9601e000 	C:\WINDOWS\System32\msvcrt.dll
0x00007fff967f0000 - 0x00007fff9688b000 	C:\WINDOWS\System32\sechost.dll
0x00007fff955f0000 - 0x00007fff9571a000 	C:\WINDOWS\System32\RPCRT4.dll
0x00007fff97020000 - 0x00007fff971c1000 	C:\WINDOWS\System32\USER32.dll
0x00007fff7cfa0000 - 0x00007fff7d23a000 	C:\WINDOWS\WinSxS\amd64_microsoft.windows.common-controls_6595b64144ccf1df_6.0.19041.1110_none_60b5254171f9507e\COMCTL32.dll
0x00007fff94c00000 - 0x00007fff94c22000 	C:\WINDOWS\System32\win32u.dll
0x00007fff96020000 - 0x00007fff9604b000 	C:\WINDOWS\System32\GDI32.dll
0x00007fff951d0000 - 0x00007fff952db000 	C:\WINDOWS\System32\gdi32full.dll
0x00007fff95080000 - 0x00007fff9511d000 	C:\WINDOWS\System32\msvcp_win.dll
0x00007fff8bbe0000 - 0x00007fff8bbea000 	C:\WINDOWS\SYSTEM32\VERSION.dll
0x00007fff95db0000 - 0x00007fff95de0000 	C:\WINDOWS\System32\IMM32.DLL
0x00007fff8aee0000 - 0x00007fff8aeec000 	C:\Program Files\Java\jdk-15.0.2\bin\vcruntime140_1.dll
0x00007fff62c10000 - 0x00007fff62ca1000 	C:\Program Files\Java\jdk-15.0.2\bin\msvcp140.dll
0x00007fff603a0000 - 0x00007fff60efe000 	C:\Program Files\Java\jdk-15.0.2\bin\server\jvm.dll
0x00007fff95780000 - 0x00007fff95788000 	C:\WINDOWS\System32\PSAPI.DLL
0x00007fff6d650000 - 0x00007fff6d659000 	C:\WINDOWS\SYSTEM32\WSOCK32.dll
0x00007fff968a0000 - 0x00007fff9690b000 	C:\WINDOWS\System32\WS2_32.dll
0x00007fff85e30000 - 0x00007fff85e57000 	C:\WINDOWS\SYSTEM32\WINMM.dll
0x00007fff927b0000 - 0x00007fff927c2000 	C:\WINDOWS\SYSTEM32\kernel.appcore.dll
0x00007fff7ae40000 - 0x00007fff7ae4a000 	C:\Program Files\Java\jdk-15.0.2\bin\jimage.dll
0x00007fff88a90000 - 0x00007fff88c74000 	C:\WINDOWS\SYSTEM32\DBGHELP.DLL
0x00007fff888d0000 - 0x00007fff888fc000 	C:\WINDOWS\SYSTEM32\dbgcore.DLL
0x00007fff94b70000 - 0x00007fff94bf3000 	C:\WINDOWS\System32\bcryptPrimitives.dll
0x00007fff752a0000 - 0x00007fff752c5000 	C:\Program Files\Java\jdk-15.0.2\bin\java.dll
0x00007fff96050000 - 0x00007fff9678f000 	C:\WINDOWS\System32\SHELL32.dll
0x00007fff92a90000 - 0x00007fff93220000 	C:\WINDOWS\SYSTEM32\windows.storage.dll
0x00007fff95a50000 - 0x00007fff95da5000 	C:\WINDOWS\System32\combase.dll
0x00007fff94250000 - 0x00007fff9427c000 	C:\WINDOWS\SYSTEM32\Wldp.dll
0x00007fff96a40000 - 0x00007fff96aed000 	C:\WINDOWS\System32\SHCORE.dll
0x00007fff95590000 - 0x00007fff955e5000 	C:\WINDOWS\System32\shlwapi.dll
0x00007fff948f0000 - 0x00007fff9490f000 	C:\WINDOWS\SYSTEM32\profapi.dll
0x00007fff78d60000 - 0x00007fff78d79000 	C:\Program Files\Java\jdk-15.0.2\bin\net.dll
0x00007fff8d010000 - 0x00007fff8d118000 	C:\WINDOWS\SYSTEM32\WINHTTP.dll
0x00007fff94030000 - 0x00007fff9409a000 	C:\WINDOWS\system32\mswsock.dll
0x00007fff78aa0000 - 0x00007fff78ab2000 	C:\Program Files\Java\jdk-15.0.2\bin\nio.dll
0x00007fff74e10000 - 0x00007fff74e28000 	C:\Program Files\Java\jdk-15.0.2\bin\zip.dll
0x00007fff85be0000 - 0x00007fff85bf0000 	C:\Program Files\Java\jdk-15.0.2\bin\verify.dll
0x00007fff8b130000 - 0x00007fff8b139000 	C:\Program Files\Java\jdk-15.0.2\bin\management.dll
0x00007fff8b120000 - 0x00007fff8b12b000 	C:\Program Files\Java\jdk-15.0.2\bin\management_ext.dll
0x00007fff726c0000 - 0x00007fff726d7000 	C:\WINDOWS\system32\napinsp.dll
0x00007fff726a0000 - 0x00007fff726bb000 	C:\WINDOWS\system32\pnrpnsp.dll
0x00007fff724e0000 - 0x00007fff724f5000 	C:\WINDOWS\system32\wshbth.dll
0x00007fff90220000 - 0x00007fff9023d000 	C:\WINDOWS\system32\NLAapi.dll
0x00007fff93d40000 - 0x00007fff93d7b000 	C:\WINDOWS\SYSTEM32\IPHLPAPI.DLL
0x00007fff93d80000 - 0x00007fff93e4c000 	C:\WINDOWS\SYSTEM32\DNSAPI.dll
0x00007fff96890000 - 0x00007fff96898000 	C:\WINDOWS\System32\NSI.dll
0x00007fff72180000 - 0x00007fff72192000 	C:\WINDOWS\System32\winrnr.dll
0x00007fff8a380000 - 0x00007fff8a38a000 	C:\Windows\System32\rasadhlp.dll
0x00007fff8cd30000 - 0x00007fff8cdaf000 	C:\WINDOWS\System32\fwpuclnt.dll
0x00007fff95050000 - 0x00007fff95077000 	C:\WINDOWS\System32\bcrypt.dll
0x00007fff945b0000 - 0x00007fff945c8000 	C:\WINDOWS\SYSTEM32\CRYPTSP.dll
0x00007fff939d0000 - 0x00007fff93a04000 	C:\WINDOWS\system32\rsaenh.dll
0x00007fff94840000 - 0x00007fff9486e000 	C:\WINDOWS\SYSTEM32\USERENV.dll
0x00007fff941c0000 - 0x00007fff941cc000 	C:\WINDOWS\SYSTEM32\CRYPTBASE.dll
0x00007fff8bbc0000 - 0x00007fff8bbd7000 	C:\WINDOWS\SYSTEM32\dhcpcsvc6.DLL
0x00007fff8c140000 - 0x00007fff8c15d000 	C:\WINDOWS\SYSTEM32\dhcpcsvc.DLL

dbghelp: loaded successfully - version: 4.0.5 - missing functions: none
symbol engine: initialized successfully - sym options: 0x614 - pdb path: .;C:\Program Files\Java\jdk-15.0.2\bin;C:\WINDOWS\SYSTEM32;C:\WINDOWS\WinSxS\amd64_microsoft.windows.common-controls_6595b64144ccf1df_6.0.19041.1110_none_60b5254171f9507e;C:\Program Files\Java\jdk-15.0.2\bin\server

VM Arguments:
jvm_args: -XX:+ShowCodeDetailsInExceptionMessages -Dfile.encoding=UTF-8 
java_command: com.duonghn.springrolejwt.SpringRoleJwtApplication
java_class_path (initial): E:\duonghn3\spring-security-role-jwt-master\target\classes;C:\Users\duonghn3\.m2\repository\org\springframework\boot\spring-boot-starter-data-jpa\2.3.1.RELEASE\spring-boot-starter-data-jpa-2.3.1.RELEASE.jar;C:\Users\duonghn3\.m2\repository\org\springframework\boot\spring-boot-starter-aop\2.3.1.RELEASE\spring-boot-starter-aop-2.3.1.RELEASE.jar;C:\Users\duonghn3\.m2\repository\org\aspectj\aspectjweaver\1.9.5\aspectjweaver-1.9.5.jar;C:\Users\duonghn3\.m2\repository\org\springframework\boot\spring-boot-starter-jdbc\2.3.1.RELEASE\spring-boot-starter-jdbc-2.3.1.RELEASE.jar;C:\Users\duonghn3\.m2\repository\com\zaxxer\HikariCP\3.4.5\HikariCP-3.4.5.jar;C:\Users\duonghn3\.m2\repository\org\springframework\spring-jdbc\5.2.7.RELEASE\spring-jdbc-5.2.7.RELEASE.jar;C:\Users\duonghn3\.m2\repository\jakarta\transaction\jakarta.transaction-api\1.3.3\jakarta.transaction-api-1.3.3.jar;C:\Users\duonghn3\.m2\repository\jakarta\persistence\jakarta.persistence-api\2.2.3\jakarta.persistence-api-2.2.3.jar;C:\Users\duonghn3\.m2\repository\org\hibernate\hibernate-core\5.4.17.Final\hibernate-core-5.4.17.Final.jar;C:\Users\duonghn3\.m2\repository\org\jboss\logging\jboss-logging\3.4.1.Final\jboss-logging-3.4.1.Final.jar;C:\Users\duonghn3\.m2\repository\org\javassist\javassist\3.24.0-GA\javassist-3.24.0-GA.jar;C:\Users\duonghn3\.m2\repository\net\bytebuddy\byte-buddy\1.10.11\byte-buddy-1.10.11.jar;C:\Users\duonghn3\.m2\repository\antlr\antlr\2.7.7\antlr-2.7.7.jar;C:\Users\duonghn3\.m2\repository\org\jboss\jandex\2.1.3.Final\jandex-2.1.3.Final.jar;C:\Users\duonghn3\.m2\repository\com\fasterxml\classmate\1.5.1\classmate-1.5.1.jar;C:\Users\duonghn3\.m2\repository\org\dom4j\dom4j\2.1.3\dom4j-2.1.3.jar;C:\Users\duonghn3\.m2\repository\org\hibernate\common\hibernate-commons-annotations\5.1.0.Final\hibernate-commons-annotations-5.1.0.Final.jar;C:\Users\duonghn3\.m2\repository\org\glassfish\jaxb\jaxb-runtime\2.3.3\jaxb-runtime-2.3.3.jar;C:\Users\duonghn3\.m2\repository\org\gla
Launcher Type: SUN_STANDARD

[Global flags]
     intx CICompilerCount                          = 3                                         {product} {ergonomic}
     uint ConcGCThreads                            = 1                                         {product} {ergonomic}
     uint G1ConcRefinementThreads                  = 4                                         {product} {ergonomic}
   size_t G1HeapRegionSize                         = 1048576                                   {product} {ergonomic}
    uintx GCDrainStackTargetSize                   = 64                                        {product} {ergonomic}
   size_t InitialHeapSize                          = 134217728                                 {product} {ergonomic}
   size_t MarkStackSize                            = 4194304                                   {product} {ergonomic}
   size_t MaxHeapSize                              = 2147483648                                {product} {ergonomic}
   size_t MaxNewSize                               = 1287651328                                {product} {ergonomic}
   size_t MinHeapDeltaBytes                        = 1048576                                   {product} {ergonomic}
   size_t MinHeapSize                              = 8388608                                   {product} {ergonomic}
    uintx NonNMethodCodeHeapSize                   = 5832780                                {pd product} {ergonomic}
    uintx NonProfiledCodeHeapSize                  = 122912730                              {pd product} {ergonomic}
    uintx ProfiledCodeHeapSize                     = 122912730                              {pd product} {ergonomic}
    uintx ReservedCodeCacheSize                    = 251658240                              {pd product} {ergonomic}
     bool SegmentedCodeCache                       = true                                      {product} {ergonomic}
     bool ShowCodeDetailsInExceptionMessages       = true                                   {manageable} {command line}
   size_t SoftMaxHeapSize                          = 2147483648                             {manageable} {ergonomic}
     bool UseCompressedClassPointers               = true                                 {lp64_product} {ergonomic}
     bool UseCompressedOops                        = true                                 {lp64_product} {ergonomic}
     bool UseG1GC                                  = true                                      {product} {ergonomic}
     bool UseLargePagesIndividualAllocation        = false                                  {pd product} {ergonomic}

Logging:
Log output configuration:
 #0: stdout all=warning uptime,level,tags
 #1: stderr all=off uptime,level,tags

Environment Variables:
JAVA_HOME=C:\Program Files\Java\jdk1.8.0_191
PATH=C:\Program Files\Common Files\Oracle\Java\javapath;C:\ProgramData\DockerDesktop\version-bin;C:\Program Files\Docker\Docker\Resources\bin;C:\Program Files (x86)\Common Files\Oracle\Java\javapath;C:\WINDOWS\system32;C:\WINDOWS;C:\WINDOWS\System32\Wbem;C:\WINDOWS\System32\WindowsPowerShell\v1.0\;C:\WINDOWS\System32\OpenSSH\;C:\Program Files\7-Zip;C:\Program Files\dotnet\;C:\Program Files\Microsoft SQL Server\130\Tools\Binn\;C:\Program Files\PuTTY\;C:\Users\quangva\Desktop\minhtc2\test-codeql\apache-maven-3.6.3\bin;C:\Users\quangva\Desktop\minhtc2\test-codeql\codeql\;C:\Program Files\Java\jdk-15.0.2\bin\;C:\Program Files (x86)\Microsoft Visual Studio\2017\Community\MSBuild\15.0\Bin;C:\Program Files\nodejs\;C:\Users\duonghn3\AppData\Roaming\npm;C:\Users\duonghn3\AppData\Local\Microsoft\WindowsApps;C:\Users\duonghn3\AppData\Local\Programs\Microsoft VS Code\bin;C:\Users\duonghn3\AppData\Roaming\npm;C:\Program Files\apache-maven-3.8.3\bin;
USERNAME=duonghn3
LANG=en_US.UTF-8
OS=Windows_NT
PROCESSOR_IDENTIFIER=Intel64 Family 6 Model 85 Stepping 4, GenuineIntel



---------------  S Y S T E M  ---------------

OS:
 Windows 10 , 64 bit Build 19041 (10.0.19041.1202)
OS uptime: 1 days 20:43 hours
HyperV virtualization detected

CPU: total 4 (initial active 4) (2 cores per cpu, 2 threads per core) family 6 model 85 stepping 4 microcode 0xffffffff, cmov, cx8, fxsr, mmx, sse, sse2, sse3, ssse3, sse4.1, sse4.2, popcnt, vzeroupper, avx, avx2, aes, clmul, erms, rtm, 3dnowpref, lzcnt, ht, tsc, bmi1, bmi2, adx, fma, clflush, clflushopt

Memory: 4k page, system-wide physical 8191M (388M free)
TotalPageFile size 12287M (AvailPageFile size 46M)
current process WorkingSet (physical memory assigned to process): 215M, peak: 256M
current process commit charge ("private bytes"): 262M, peak: 295M

vm_info: Java HotSpot(TM) 64-Bit Server VM (15.0.2+7-27) for windows-amd64 JRE (15.0.2+7-27), built on Dec  7 2020 20:07:01 by "mach5one" with unknown MS VC++:1925

END.
